1/28/2024, 12:23:45 PM - INFO - Server is running on port: 3001
1/28/2024, 12:25:00 PM - INFO - Server is running on port: 3001
1/28/2024, 12:25:30 PM - INFO - Server is running on port: 3001
1/28/2024, 12:25:48 PM - INFO - Server is running on port: 3001
1/28/2024, 12:26:37 PM - INFO - Server is running on port: 3001
1/28/2024, 12:28:07 PM - INFO - Server is running on port: 3001
1/28/2024, 12:30:46 PM - INFO - Server is running on port: 3001
1/28/2024, 12:31:42 PM - INFO - Server is running on port: 3001
1/28/2024, 12:32:15 PM - INFO - Server is running on port: 3001
1/28/2024, 12:38:59 PM - INFO - Server is running on port: 3001
1/28/2024, 12:39:10 PM - INFO - Server is running on port: 3001
1/28/2024, 12:41:32 PM - INFO - Server is running on port: 3001
1/28/2024, 12:45:16 PM - INFO - Server is running on port: 3001
1/28/2024, 12:46:19 PM - INFO - Server is running on port: 3001
1/28/2024, 12:48:09 PM - INFO - Server is running on port: 3001
1/28/2024, 12:48:11 PM - ERROR - cannot find users | ReferenceError: logger is not defined
1/28/2024, 12:48:11 PM - ERROR - Failed to get users | ReferenceError: logger is not defined
1/28/2024, 12:49:32 PM - INFO - Server is running on port: 3001
1/28/2024, 12:50:08 PM - INFO - Server is running on port: 3001
1/28/2024, 12:50:11 PM - ERROR - cannot find users | ReferenceError: logger is not defined
1/28/2024, 12:50:11 PM - ERROR - Failed to get users | ReferenceError: logger is not defined
1/28/2024, 12:52:18 PM - INFO - Server is running on port: 3001
1/28/2024, 1:00:58 PM - ERROR - cannot find users | TypeError: Class constructor ObjectId cannot be invoked without 'new'
1/28/2024, 1:00:58 PM - ERROR - Failed to get users | TypeError: Class constructor ObjectId cannot be invoked without 'new'
1/28/2024, 1:01:43 PM - INFO - Server is running on port: 3001
1/28/2024, 1:41:03 PM - ERROR - while finding user 65b6343f5d28a4522e0ac983 | TypeError: Class constructor ObjectId cannot be invoked without 'new'
1/28/2024, 1:41:03 PM - ERROR - Failed to get user | TypeError: Class constructor ObjectId cannot be invoked without 'new'
1/28/2024, 1:41:24 PM - ERROR - while finding user 65b6343f5d28a4522e0ac983 | TypeError: Class constructor ObjectId cannot be invoked without 'new'
1/28/2024, 1:41:24 PM - ERROR - Failed to get user | TypeError: Class constructor ObjectId cannot be invoked without 'new'
1/28/2024, 1:41:26 PM - INFO - Server is running on port: 3001
1/28/2024, 3:29:45 PM - INFO - Server is running on port: 3001
1/28/2024, 3:29:54 PM - ERROR - while finding user 65b6343f5d28a4522e0ac983S | BSONError: input must be a 24 character hex string, 12 byte Uint8Array, or an integer
1/28/2024, 3:29:54 PM - ERROR - Failed to get user | BSONError: input must be a 24 character hex string, 12 byte Uint8Array, or an integer
1/28/2024, 3:30:10 PM - ERROR - while finding user 65b6343f5d28a4522e0ac983S | BSONError: input must be a 24 character hex string, 12 byte Uint8Array, or an integer
1/28/2024, 3:30:10 PM - ERROR - Failed to get user | BSONError: input must be a 24 character hex string, 12 byte Uint8Array, or an integer
1/28/2024, 3:30:18 PM - INFO - Server is running on port: 3001
1/28/2024, 3:30:21 PM - ERROR - while finding user 65b6343f5d28a4522e0ac983S | BSONError: input must be a 24 character hex string, 12 byte Uint8Array, or an integer
1/28/2024, 3:30:21 PM - ERROR - Failed to get user | BSONError: input must be a 24 character hex string, 12 byte Uint8Array, or an integer
1/28/2024, 3:30:22 PM - ERROR - while finding user 65b6343f5d28a4522e0ac983S | BSONError: input must be a 24 character hex string, 12 byte Uint8Array, or an integer
1/28/2024, 3:30:22 PM - ERROR - Failed to get user | BSONError: input must be a 24 character hex string, 12 byte Uint8Array, or an integer
1/28/2024, 3:30:39 PM - INFO - Server is running on port: 3001
1/28/2024, 3:32:29 PM - INFO - Server is running on port: 3001
1/28/2024, 3:33:46 PM - INFO - Server is running on port: 3001
1/28/2024, 3:36:31 PM - INFO - Server is running on port: 3001
